<?xml version="1.0" encoding="UTF-8"?>
<testng-results ignored="0" total="1" passed="1" failed="0" skipped="0">
  <reporter-output>
  </reporter-output>
  <suite started-at="2026-02-12T16:43:44 IST" name="Default suite" finished-at="2026-02-12T16:44:44 IST" duration-ms="59315">
    <groups>
    </groups>
    <test started-at="2026-02-12T16:43:44 IST" name="Default test" finished-at="2026-02-12T16:44:44 IST" duration-ms="59315">
      <class name="com.comcast.hrm.projecttest.CreateProjectTest">
        <test-method signature="createProject()[pri:0, instance:com.comcast.hrm.projecttest.CreateProjectTest@353d0772]" started-at="2026-02-12T16:43:44 IST" name="createProject" finished-at="2026-02-12T16:44:44 IST" duration-ms="59259" status="PASS">
          <reporter-output>
          </reporter-output>
        </test-method> <!-- createProject -->
      </class> <!-- com.comcast.hrm.projecttest.CreateProjectTest -->
    </test> <!-- Default test -->
  </suite> <!-- Default suite -->
</testng-results>
